<?xml version="1.0" encoding="UTF-8"?>
<!-- Generated by org.testng.reporters.JUnitReportReporter -->
<testsuite skipped="0" hostname="AZIMAT" name="GooglePackage.GoogleTest" tests="1" failures="0" timestamp="08 Mar 2018 08:49:28 GMT" time="16.300" errors="0">
  <testcase name="runGoogle" time="16.300" classname="GooglePackage.GoogleTest"/>
</testsuite> <!-- GooglePackage.GoogleTest -->
